<?xml version="1.0" encoding="UTF-8"?>
<testsuite name="demoWeatherStation.TestData_Sensors" tests="3" skipped="0" failures="0" errors="0" timestamp="2021-02-11T17:29:08" hostname="BUZZONFIRE" time="0.002">
  <properties/>
  <testcase name="testClose_Solar_panel" classname="demoWeatherStation.TestData_Sensors" time="0.001"/>
  <testcase name="testreadData" classname="demoWeatherStation.TestData_Sensors" time="0.0"/>
  <testcase name="testlevelBattery" classname="demoWeatherStation.TestData_Sensors" time="0.0"/>
  <system-out><![CDATA[]]></system-out>
  <system-err><![CDATA[]]></system-err>
</testsuite>
